\BOOKMARK [1][-]{section.1}{\376\377\0001\000\040\000I\000n\000t\000r\000o\000d\000u\000c\000t\000i\000o\000n}{}% 1
\BOOKMARK [2][-]{subsection.1.1}{\376\377\0001\000.\0001\000\040\000T\000h\000e\000\040\000e\000x\000p\000r\000e\000s\000s\000i\000o\000n\000\040\000p\000r\000o\000b\000l\000e\000m\000,\000\040\000i\000n\000\040\000f\000u\000l\000l}{section.1}% 2
\BOOKMARK [2][-]{subsection.1.2}{\376\377\0001\000.\0002\000\040\000R\000e\000c\000u\000r\000s\000i\000o\000n\000\040\000a\000n\000d\000\040\000r\000o\000w\000s}{section.1}% 3
\BOOKMARK [2][-]{subsection.1.3}{\376\377\0001\000.\0003\000\040\000C\000h\000a\000l\000l\000e\000n\000g\000e\000s\000\040\000t\000o\000\040\000p\000r\000a\000c\000t\000i\000c\000a\000l\000\040\000e\000x\000t\000e\000n\000s\000i\000b\000i\000l\000i\000t\000y}{section.1}% 4
\BOOKMARK [1][-]{section.2}{\376\377\0002\000\040\000R\000o\000m\000e\000:\000\040\000A\000\040\000r\000o\000w\000\040\000t\000h\000e\000o\000r\000e\000t\000i\000c\000\040\000f\000o\000u\000n\000d\000a\000t\000i\000o\000n\000\040\000f\000o\000r\000\040\000\050\000c\000o\000\051\000i\000n\000d\000u\000c\000t\000i\000v\000e\000\040\000d\000a\000t\000a\000\040\000t\000y\000p\000e\000s}{}% 5
\BOOKMARK [1][-]{section.3}{\376\377\0003\000\040\040\024\000h\000i\000g\000h\000e\000r\000\040\000o\000r\000d\000e\000r\000e\000d\000\040\000r\000o\000w\000s}{}% 6
\BOOKMARK [2][-]{subsection.3.1}{\376\377\0003\000.\0001\000\040\000S\000y\000n\000t\000a\000x}{section.3}% 7
\BOOKMARK [2][-]{subsection.3.2}{\376\377\0003\000.\0002\000\040\000T\000y\000p\000e\000s\000\040\000a\000n\000d\000\040\000K\000i\000n\000d\000s}{section.3}% 8
\BOOKMARK [2][-]{subsection.3.3}{\376\377\0003\000.\0003\000\040\000T\000e\000r\000m\000s}{section.3}% 9
\BOOKMARK [1][-]{section.4}{\376\377\0004\000\040\000I\000x\000:\000\040\000T\000h\000e\000\040\000I\000n\000d\000e\000x\000\040\000C\000a\000l\000c\000u\000l\000u\000s}{}% 10
\BOOKMARK [2][-]{subsection.4.1}{\376\377\0004\000.\0001\000\040\000S\000y\000n\000t\000a\000x}{section.4}% 11
\BOOKMARK [2][-]{subsection.4.2}{\376\377\0004\000.\0002\000\040\000T\000y\000p\000i\000n\000g}{section.4}% 12
\BOOKMARK [1][-]{section.5}{\376\377\0005\000\040\000T\000r\000a\000n\000s\000l\000a\000t\000i\000o\000n\000\040\000F\000r\000o\000m\000\040}{}% 13
\BOOKMARK [2][-]{subsection.5.1}{\376\377\0005\000.\0001\000\040\000U\000n\000t\000y\000p\000e\000d\000\040\000T\000r\000a\000n\000s\000l\000a\000t\000i\000o\000n}{section.5}% 14
\BOOKMARK [2][-]{subsection.5.2}{\376\377\0005\000.\0002\000\040\000T\000y\000p\000e\000d\000\040\000t\000r\000a\000n\000s\000l\000a\000t\000i\000o\000n}{section.5}% 15
\BOOKMARK [2][-]{subsection.5.3}{\376\377\0005\000.\0003\000\040\000P\000r\000o\000p\000e\000r\000t\000i\000e\000s\000\040\000o\000f\000\040\000T\000r\000a\000n\000s\000l\000a\000t\000i\000o\000n}{section.5}% 16
\BOOKMARK [1][-]{section.6}{\376\377\0006\000\040\000O\000p\000e\000r\000a\000t\000i\000o\000n\000a\000l\000\040\000s\000e\000m\000a\000n\000t\000i\000c\000s\000\040\000o\000f\000\040\000I\000x}{}% 17
\BOOKMARK [1][-]{section.7}{\376\377\0007\000\040\000R\000e\000c\000u\000r\000s\000i\000o\000n}{}% 18
\BOOKMARK [2][-]{subsection.7.1}{\376\377\0007\000.\0001\000\040\000R\000o\000m\000e\000,\000\040\000o\000r\000,\000\040\000w\000i\000t\000h\000\040}{section.7}% 19
\BOOKMARK [2][-]{subsection.7.2}{\376\377\0007\000.\0002\000\040\000M\000i\000x\000,\000\040\000t\000h\000e\000\040\000r\000e\000c\000u\000r\000s\000i\000v\000e\000\040\000i\000n\000d\000e\000x\000\040\000c\000a\000l\000c\000u\000l\000u\000s}{section.7}% 20
\BOOKMARK [2][-]{subsection.7.3}{\376\377\0007\000.\0003\000\040\000T\000r\000a\000n\000s\000l\000a\000t\000i\000o\000n\000\040\000a\000n\000d\000\040\000p\000r\000o\000p\000e\000r\000t\000i\000e\000s\000\040\000o\000f\000\040\000t\000r\000a\000n\000s\000l\000a\000t\000i\000o\000n}{section.7}% 21
\BOOKMARK [1][-]{section*.13}{\376\377\000R\000e\000f\000e\000r\000e\000n\000c\000e\000s}{}% 22
